Determining if the Q_WS_WIN exist failed with the following output:
Change Dir: /home/svenminds/robocomp/components/Pruebas/Practica1/choca/CMakeFiles/CMakeTmp

Run Build Command:"/usr/bin/make" "cmTC_5bd9a/fast"
/usr/bin/make -f CMakeFiles/cmTC_5bd9a.dir/build.make CMakeFiles/cmTC_5bd9a.dir/build
make[1]: se entra en el directorio '/home/svenminds/robocomp/components/Pruebas/Practica1/choca/CMakeFiles/CMakeTmp'
Building CXX object CMakeFiles/cmTC_5bd9a.dir/CheckSymbolExists.cxx.o
/usr/bin/c++    -I/usr/include/qt4   -o CMakeFiles/cmTC_5bd9a.dir/CheckSymbolExists.cxx.o -c /home/svenminds/robocomp/components/Pruebas/Practica1/choca/CMakeFiles/CMakeTmp/CheckSymbolExists.cxx
/home/svenminds/robocomp/components/Pruebas/Practica1/choca/CMakeFiles/CMakeTmp/CheckSymbolExists.cxx: In function ‘int main(int, char**)’:
/home/svenminds/robocomp/components/Pruebas/Practica1/choca/CMakeFiles/CMakeTmp/CheckSymbolExists.cxx:8:19: error: ‘Q_WS_WIN’ was not declared in this scope
   return ((int*)(&Q_WS_WIN))[argc];
                   ^~~~~~~~
CMakeFiles/cmTC_5bd9a.dir/build.make:65: fallo en las instrucciones para el objetivo 'CMakeFiles/cmTC_5bd9a.dir/CheckSymbolExists.cxx.o'
make[1]: *** [CMakeFiles/cmTC_5bd9a.dir/CheckSymbolExists.cxx.o] Error 1
make[1]: se sale del directorio '/home/svenminds/robocomp/components/Pruebas/Practica1/choca/CMakeFiles/CMakeTmp'
Makefile:126: fallo en las instrucciones para el objetivo 'cmTC_5bd9a/fast'
make: *** [cmTC_5bd9a/fast] Error 2

File /home/svenminds/robocomp/components/Pruebas/Practica1/choca/CMakeFiles/CMakeTmp/CheckSymbolExists.cxx:
/* */
#include <QtCore/qglobal.h>

int main(int argc, char** argv)
{
  (void)argv;
#ifndef Q_WS_WIN
  return ((int*)(&Q_WS_WIN))[argc];
#else
  (void)argc;
  return 0;
#endif
}

Determining if the Q_WS_QWS exist failed with the following output:
Change Dir: /home/svenminds/robocomp/components/Pruebas/Practica1/choca/CMakeFiles/CMakeTmp

Run Build Command:"/usr/bin/make" "cmTC_eb20b/fast"
/usr/bin/make -f CMakeFiles/cmTC_eb20b.dir/build.make CMakeFiles/cmTC_eb20b.dir/build
make[1]: se entra en el directorio '/home/svenminds/robocomp/components/Pruebas/Practica1/choca/CMakeFiles/CMakeTmp'
Building CXX object CMakeFiles/cmTC_eb20b.dir/CheckSymbolExists.cxx.o
/usr/bin/c++    -I/usr/include/qt4   -o CMakeFiles/cmTC_eb20b.dir/CheckSymbolExists.cxx.o -c /home/svenminds/robocomp/components/Pruebas/Practica1/choca/CMakeFiles/CMakeTmp/CheckSymbolExists.cxx
/home/svenminds/robocomp/components/Pruebas/Practica1/choca/CMakeFiles/CMakeTmp/CheckSymbolExists.cxx: In function ‘int main(int, char**)’:
/home/svenminds/robocomp/components/Pruebas/Practica1/choca/CMakeFiles/CMakeTmp/CheckSymbolExists.cxx:8:19: error: ‘Q_WS_QWS’ was not declared in this scope
   return ((int*)(&Q_WS_QWS))[argc];
                   ^~~~~~~~
CMakeFiles/cmTC_eb20b.dir/build.make:65: fallo en las instrucciones para el objetivo 'CMakeFiles/cmTC_eb20b.dir/CheckSymbolExists.cxx.o'
make[1]: *** [CMakeFiles/cmTC_eb20b.dir/CheckSymbolExists.cxx.o] Error 1
make[1]: se sale del directorio '/home/svenminds/robocomp/components/Pruebas/Practica1/choca/CMakeFiles/CMakeTmp'
Makefile:126: fallo en las instrucciones para el objetivo 'cmTC_eb20b/fast'
make: *** [cmTC_eb20b/fast] Error 2

File /home/svenminds/robocomp/components/Pruebas/Practica1/choca/CMakeFiles/CMakeTmp/CheckSymbolExists.cxx:
/* */
#include <QtCore/qglobal.h>

int main(int argc, char** argv)
{
  (void)argv;
#ifndef Q_WS_QWS
  return ((int*)(&Q_WS_QWS))[argc];
#else
  (void)argc;
  return 0;
#endif
}

Determining if the Q_WS_MAC exist failed with the following output:
Change Dir: /home/svenminds/robocomp/components/Pruebas/Practica1/choca/CMakeFiles/CMakeTmp

Run Build Command:"/usr/bin/make" "cmTC_36f4f/fast"
/usr/bin/make -f CMakeFiles/cmTC_36f4f.dir/build.make CMakeFiles/cmTC_36f4f.dir/build
make[1]: se entra en el directorio '/home/svenminds/robocomp/components/Pruebas/Practica1/choca/CMakeFiles/CMakeTmp'
Building CXX object CMakeFiles/cmTC_36f4f.dir/CheckSymbolExists.cxx.o
/usr/bin/c++    -I/usr/include/qt4   -o CMakeFiles/cmTC_36f4f.dir/CheckSymbolExists.cxx.o -c /home/svenminds/robocomp/components/Pruebas/Practica1/choca/CMakeFiles/CMakeTmp/CheckSymbolExists.cxx
/home/svenminds/robocomp/components/Pruebas/Practica1/choca/CMakeFiles/CMakeTmp/CheckSymbolExists.cxx: In function ‘int main(int, char**)’:
/home/svenminds/robocomp/components/Pruebas/Practica1/choca/CMakeFiles/CMakeTmp/CheckSymbolExists.cxx:8:19: error: ‘Q_WS_MAC’ was not declared in this scope
   return ((int*)(&Q_WS_MAC))[argc];
                   ^~~~~~~~
CMakeFiles/cmTC_36f4f.dir/build.make:65: fallo en las instrucciones para el objetivo 'CMakeFiles/cmTC_36f4f.dir/CheckSymbolExists.cxx.o'
make[1]: *** [CMakeFiles/cmTC_36f4f.dir/CheckSymbolExists.cxx.o] Error 1
make[1]: se sale del directorio '/home/svenminds/robocomp/components/Pruebas/Practica1/choca/CMakeFiles/CMakeTmp'
Makefile:126: fallo en las instrucciones para el objetivo 'cmTC_36f4f/fast'
make: *** [cmTC_36f4f/fast] Error 2

File /home/svenminds/robocomp/components/Pruebas/Practica1/choca/CMakeFiles/CMakeTmp/CheckSymbolExists.cxx:
/* */
#include <QtCore/qglobal.h>

int main(int argc, char** argv)
{
  (void)argv;
#ifndef Q_WS_MAC
  return ((int*)(&Q_WS_MAC))[argc];
#else
  (void)argc;
  return 0;
#endif
}

